  [4;36;1mSQL (0.000285)[0m   [0;1m SELECT name
 FROM sqlite_master
 WHERE type = 'table' AND NOT name = 'sqlite_sequence'
[0m
  [4;35;1mSQL (0.000148)[0m   [0mselect sqlite_version(*)[0m
  [4;36;1mSQL (0.003000)[0m   [0;1mCREATE TABLE "schema_migrations" ("version" varchar(255) NOT NULL) [0m
  [4;35;1mSQL (0.002402)[0m   [0mCREATE UNIQUE INDEX "unique_schema_migrations" ON "schema_migrations" ("version")[0m
  [4;36;1mSQL (0.000347)[0m   [0;1m SELECT name
 FROM sqlite_master
 WHERE type = 'table' AND NOT name = 'sqlite_sequence'
[0m
  [4;35;1mSQL (0.000249)[0m   [0mSELECT version FROM schema_migrations[0m
Migrating to CreateCitizens (20081014164151)
  [4;36;1mSQL (0.002713)[0m   [0;1mCREATE TABLE "citizens" ("id" INTEGER PRIMARY KEY AUTOINCREMENT NOT NULL, "created_at" datetime, "updated_at" datetime) [0m
  [4;35;1mSQL (0.002413)[0m   [0mINSERT INTO schema_migrations (version) VALUES ('20081014164151')[0m
  [4;36;1mSQL (0.000382)[0m   [0;1m SELECT name
 FROM sqlite_master
 WHERE type = 'table' AND NOT name = 'sqlite_sequence'
[0m
  [4;35;1mSQL (0.000185)[0m   [0mSELECT version FROM schema_migrations[0m
  [4;36;1mSQL (0.000236)[0m   [0;1m SELECT name
 FROM sqlite_master
 WHERE type = 'table' AND NOT name = 'sqlite_sequence'
[0m
  [4;35;1mSQL (0.000073)[0m   [0mPRAGMA index_list("citizens")[0m
  [4;36;1mSQL (0.000521)[0m   [0;1m SELECT name
 FROM sqlite_master
 WHERE type = 'table' AND NOT name = 'sqlite_sequence'
[0m
  [4;35;1mSQL (0.000141)[0m   [0mSELECT version FROM schema_migrations[0m
  [4;36;1mSQL (0.000147)[0m   [0;1mselect sqlite_version(*)[0m
  [4;35;1mSQL (0.000207)[0m   [0m SELECT name
 FROM sqlite_master
 WHERE type = 'table' AND NOT name = 'sqlite_sequence'
[0m
  [4;36;1mSQL (0.003147)[0m   [0;1mCREATE TABLE "citizens" ("id" INTEGER PRIMARY KEY AUTOINCREMENT NOT NULL, "created_at" datetime, "updated_at" datetime) [0m
  [4;35;1mSQL (0.000401)[0m   [0m SELECT name
 FROM sqlite_master
 WHERE type = 'table' AND NOT name = 'sqlite_sequence'
[0m
  [4;36;1mSQL (0.002262)[0m   [0;1mCREATE TABLE "schema_migrations" ("version" varchar(255) NOT NULL) [0m
  [4;35;1mSQL (0.002772)[0m   [0mCREATE UNIQUE INDEX "unique_schema_migrations" ON "schema_migrations" ("version")[0m
  [4;36;1mSQL (0.000427)[0m   [0;1m SELECT name
 FROM sqlite_master
 WHERE type = 'table' AND NOT name = 'sqlite_sequence'
[0m
  [4;35;1mSQL (0.000151)[0m   [0mSELECT version FROM "schema_migrations"[0m
  [4;36;1mSQL (0.002333)[0m   [0;1mINSERT INTO "schema_migrations" (version) VALUES ('20081014164151')[0m
  [4;36;1mSQL (0.000523)[0m   [0;1m SELECT name
 FROM sqlite_master
 WHERE type = 'table' AND NOT name = 'sqlite_sequence'
[0m
  [4;35;1mSQL (0.000153)[0m   [0mSELECT version FROM schema_migrations[0m
  [4;36;1mSQL (0.000142)[0m   [0;1mselect sqlite_version(*)[0m
  [4;35;1mSQL (0.000205)[0m   [0m SELECT name
 FROM sqlite_master
 WHERE type = 'table' AND NOT name = 'sqlite_sequence'
[0m
  [4;36;1mSQL (0.003164)[0m   [0;1mCREATE TABLE "citizens" ("id" INTEGER PRIMARY KEY AUTOINCREMENT NOT NULL, "created_at" datetime, "updated_at" datetime) [0m
  [4;35;1mSQL (0.000449)[0m   [0m SELECT name
 FROM sqlite_master
 WHERE type = 'table' AND NOT name = 'sqlite_sequence'
[0m
  [4;36;1mSQL (0.002233)[0m   [0;1mCREATE TABLE "schema_migrations" ("version" varchar(255) NOT NULL) [0m
  [4;35;1mSQL (0.002829)[0m   [0mCREATE UNIQUE INDEX "unique_schema_migrations" ON "schema_migrations" ("version")[0m
  [4;36;1mSQL (0.000423)[0m   [0;1m SELECT name
 FROM sqlite_master
 WHERE type = 'table' AND NOT name = 'sqlite_sequence'
[0m
  [4;35;1mSQL (0.000148)[0m   [0mSELECT version FROM "schema_migrations"[0m
  [4;36;1mSQL (0.002535)[0m   [0;1mINSERT INTO "schema_migrations" (version) VALUES ('20081014164151')[0m
  [4;36;1mSQL (0.000516)[0m   [0;1m SELECT name
 FROM sqlite_master
 WHERE type = 'table' AND NOT name = 'sqlite_sequence'
[0m
  [4;35;1mSQL (0.000141)[0m   [0mSELECT version FROM schema_migrations[0m
  [4;36;1mSQL (0.000145)[0m   [0;1mselect sqlite_version(*)[0m
  [4;35;1mSQL (0.000210)[0m   [0m SELECT name
 FROM sqlite_master
 WHERE type = 'table' AND NOT name = 'sqlite_sequence'
[0m
  [4;36;1mSQL (0.002709)[0m   [0;1mCREATE TABLE "citizens" ("id" INTEGER PRIMARY KEY AUTOINCREMENT NOT NULL, "created_at" datetime, "updated_at" datetime) [0m
  [4;35;1mSQL (0.000334)[0m   [0m SELECT name
 FROM sqlite_master
 WHERE type = 'table' AND NOT name = 'sqlite_sequence'
[0m
  [4;36;1mSQL (0.002225)[0m   [0;1mCREATE TABLE "schema_migrations" ("version" varchar(255) NOT NULL) [0m
  [4;35;1mSQL (0.002433)[0m   [0mCREATE UNIQUE INDEX "unique_schema_migrations" ON "schema_migrations" ("version")[0m
  [4;36;1mSQL (0.000414)[0m   [0;1m SELECT name
 FROM sqlite_master
 WHERE type = 'table' AND NOT name = 'sqlite_sequence'
[0m
  [4;35;1mSQL (0.000163)[0m   [0mSELECT version FROM "schema_migrations"[0m
  [4;36;1mSQL (0.002516)[0m   [0;1mINSERT INTO "schema_migrations" (version) VALUES ('20081014164151')[0m
  [4;36;1mSQL (0.000609)[0m   [0;1m SELECT name
 FROM sqlite_master
 WHERE type = 'table' AND NOT name = 'sqlite_sequence'
[0m
  [4;35;1mSQL (0.000151)[0m   [0mSELECT version FROM schema_migrations[0m
  [4;36;1mSQL (0.000163)[0m   [0;1mselect sqlite_version(*)[0m
  [4;35;1mSQL (0.000229)[0m   [0m SELECT name
 FROM sqlite_master
 WHERE type = 'table' AND NOT name = 'sqlite_sequence'
[0m
  [4;36;1mSQL (0.002869)[0m   [0;1mCREATE TABLE "citizens" ("id" INTEGER PRIMARY KEY AUTOINCREMENT NOT NULL, "created_at" datetime, "updated_at" datetime) [0m
  [4;35;1mSQL (0.000233)[0m   [0m SELECT name
 FROM sqlite_master
 WHERE type = 'table' AND NOT name = 'sqlite_sequence'
[0m
  [4;36;1mSQL (0.001613)[0m   [0;1mCREATE TABLE "schema_migrations" ("version" varchar(255) NOT NULL) [0m
  [4;35;1mSQL (0.001737)[0m   [0mCREATE UNIQUE INDEX "unique_schema_migrations" ON "schema_migrations" ("version")[0m
  [4;36;1mSQL (0.000226)[0m   [0;1m SELECT name
 FROM sqlite_master
 WHERE type = 'table' AND NOT name = 'sqlite_sequence'
[0m
  [4;35;1mSQL (0.000105)[0m   [0mSELECT version FROM "schema_migrations"[0m
  [4;36;1mSQL (0.001788)[0m   [0;1mINSERT INTO "schema_migrations" (version) VALUES ('20081014164151')[0m
  [4;36;1mSQL (0.000519)[0m   [0;1m SELECT name
 FROM sqlite_master
 WHERE type = 'table' AND NOT name = 'sqlite_sequence'
[0m
  [4;35;1mSQL (0.000142)[0m   [0mSELECT version FROM schema_migrations[0m
  [4;36;1mSQL (0.000176)[0m   [0;1mselect sqlite_version(*)[0m
  [4;35;1mSQL (0.000233)[0m   [0m SELECT name
 FROM sqlite_master
 WHERE type = 'table' AND NOT name = 'sqlite_sequence'
[0m
  [4;36;1mSQL (0.003026)[0m   [0;1mCREATE TABLE "citizens" ("id" INTEGER PRIMARY KEY AUTOINCREMENT NOT NULL, "created_at" datetime, "updated_at" datetime) [0m
  [4;35;1mSQL (0.000247)[0m   [0m SELECT name
 FROM sqlite_master
 WHERE type = 'table' AND NOT name = 'sqlite_sequence'
[0m
  [4;36;1mSQL (0.001514)[0m   [0;1mCREATE TABLE "schema_migrations" ("version" varchar(255) NOT NULL) [0m
  [4;35;1mSQL (0.001704)[0m   [0mCREATE UNIQUE INDEX "unique_schema_migrations" ON "schema_migrations" ("version")[0m
  [4;36;1mSQL (0.000240)[0m   [0;1m SELECT name
 FROM sqlite_master
 WHERE type = 'table' AND NOT name = 'sqlite_sequence'
[0m
  [4;35;1mSQL (0.000110)[0m   [0mSELECT version FROM "schema_migrations"[0m
  [4;36;1mSQL (0.001850)[0m   [0;1mINSERT INTO "schema_migrations" (version) VALUES ('20081014164151')[0m
  [4;36;1mSQL (0.000522)[0m   [0;1m SELECT name
 FROM sqlite_master
 WHERE type = 'table' AND NOT name = 'sqlite_sequence'
[0m
  [4;35;1mSQL (0.000140)[0m   [0mSELECT version FROM schema_migrations[0m
  [4;36;1mSQL (0.000149)[0m   [0;1mselect sqlite_version(*)[0m
  [4;35;1mSQL (0.000208)[0m   [0m SELECT name
 FROM sqlite_master
 WHERE type = 'table' AND NOT name = 'sqlite_sequence'
[0m
  [4;36;1mSQL (0.003438)[0m   [0;1mCREATE TABLE "citizens" ("id" INTEGER PRIMARY KEY AUTOINCREMENT NOT NULL, "created_at" datetime, "updated_at" datetime) [0m
  [4;35;1mSQL (0.000640)[0m   [0m SELECT name
 FROM sqlite_master
 WHERE type = 'table' AND NOT name = 'sqlite_sequence'
[0m
  [4;36;1mSQL (0.001868)[0m   [0;1mCREATE TABLE "schema_migrations" ("version" varchar(255) NOT NULL) [0m
  [4;35;1mSQL (0.002698)[0m   [0mCREATE UNIQUE INDEX "unique_schema_migrations" ON "schema_migrations" ("version")[0m
  [4;36;1mSQL (0.000443)[0m   [0;1m SELECT name
 FROM sqlite_master
 WHERE type = 'table' AND NOT name = 'sqlite_sequence'
[0m
  [4;35;1mSQL (0.000147)[0m   [0mSELECT version FROM "schema_migrations"[0m
  [4;36;1mSQL (0.002251)[0m   [0;1mINSERT INTO "schema_migrations" (version) VALUES ('20081014164151')[0m
  [4;36;1mSQL (0.000519)[0m   [0;1m SELECT name
 FROM sqlite_master
 WHERE type = 'table' AND NOT name = 'sqlite_sequence'
[0m
  [4;35;1mSQL (0.000141)[0m   [0mSELECT version FROM schema_migrations[0m
  [4;36;1mSQL (0.000150)[0m   [0;1mselect sqlite_version(*)[0m
  [4;35;1mSQL (0.000220)[0m   [0m SELECT name
 FROM sqlite_master
 WHERE type = 'table' AND NOT name = 'sqlite_sequence'
[0m
  [4;36;1mSQL (0.003114)[0m   [0;1mCREATE TABLE "citizens" ("id" INTEGER PRIMARY KEY AUTOINCREMENT NOT NULL, "created_at" datetime, "updated_at" datetime) [0m
  [4;35;1mSQL (0.000237)[0m   [0m SELECT name
 FROM sqlite_master
 WHERE type = 'table' AND NOT name = 'sqlite_sequence'
[0m
  [4;36;1mSQL (0.002204)[0m   [0;1mCREATE TABLE "schema_migrations" ("version" varchar(255) NOT NULL) [0m
  [4;35;1mSQL (0.002708)[0m   [0mCREATE UNIQUE INDEX "unique_schema_migrations" ON "schema_migrations" ("version")[0m
  [4;36;1mSQL (0.000639)[0m   [0;1m SELECT name
 FROM sqlite_master
 WHERE type = 'table' AND NOT name = 'sqlite_sequence'
[0m
  [4;35;1mSQL (0.000161)[0m   [0mSELECT version FROM "schema_migrations"[0m
  [4;36;1mSQL (0.002389)[0m   [0;1mINSERT INTO "schema_migrations" (version) VALUES ('20081014164151')[0m
  [4;36;1mSQL (0.000565)[0m   [0;1m SELECT name
 FROM sqlite_master
 WHERE type = 'table' AND NOT name = 'sqlite_sequence'
[0m
  [4;35;1mSQL (0.000142)[0m   [0mSELECT version FROM schema_migrations[0m
  [4;36;1mSQL (0.000164)[0m   [0;1mselect sqlite_version(*)[0m
  [4;35;1mSQL (0.000224)[0m   [0m SELECT name
 FROM sqlite_master
 WHERE type = 'table' AND NOT name = 'sqlite_sequence'
[0m
  [4;36;1mSQL (0.038627)[0m   [0;1mCREATE TABLE "citizens" ("id" INTEGER PRIMARY KEY AUTOINCREMENT NOT NULL, "created_at" datetime, "updated_at" datetime) [0m
  [4;35;1mSQL (0.000448)[0m   [0m SELECT name
 FROM sqlite_master
 WHERE type = 'table' AND NOT name = 'sqlite_sequence'
[0m
  [4;36;1mSQL (0.002290)[0m   [0;1mCREATE TABLE "schema_migrations" ("version" varchar(255) NOT NULL) [0m
  [4;35;1mSQL (0.002281)[0m   [0mCREATE UNIQUE INDEX "unique_schema_migrations" ON "schema_migrations" ("version")[0m
  [4;36;1mSQL (0.000342)[0m   [0;1m SELECT name
 FROM sqlite_master
 WHERE type = 'table' AND NOT name = 'sqlite_sequence'
[0m
  [4;35;1mSQL (0.000144)[0m   [0mSELECT version FROM "schema_migrations"[0m
  [4;36;1mSQL (0.002195)[0m   [0;1mINSERT INTO "schema_migrations" (version) VALUES ('20081014164151')[0m
  [4;36;1mSQL (0.000966)[0m   [0;1m SELECT name
 FROM sqlite_master
 WHERE type = 'table' AND NOT name = 'sqlite_sequence'
[0m
  [4;35;1mSQL (0.000301)[0m   [0mSELECT version FROM schema_migrations[0m
  [4;36;1mSQL (0.000182)[0m   [0;1mselect sqlite_version(*)[0m
  [4;35;1mSQL (0.000242)[0m   [0m SELECT name
 FROM sqlite_master
 WHERE type = 'table' AND NOT name = 'sqlite_sequence'
[0m
  [4;36;1mSQL (0.002488)[0m   [0;1mCREATE TABLE "citizens" ("id" INTEGER PRIMARY KEY AUTOINCREMENT NOT NULL, "created_at" datetime, "updated_at" datetime) [0m
  [4;35;1mSQL (0.000370)[0m   [0m SELECT name
 FROM sqlite_master
 WHERE type = 'table' AND NOT name = 'sqlite_sequence'
[0m
  [4;36;1mSQL (0.002153)[0m   [0;1mCREATE TABLE "schema_migrations" ("version" varchar(255) NOT NULL) [0m
  [4;35;1mSQL (0.002573)[0m   [0mCREATE UNIQUE INDEX "unique_schema_migrations" ON "schema_migrations" ("version")[0m
  [4;36;1mSQL (0.000490)[0m   [0;1m SELECT name
 FROM sqlite_master
 WHERE type = 'table' AND NOT name = 'sqlite_sequence'
[0m
  [4;35;1mSQL (0.000176)[0m   [0mSELECT version FROM "schema_migrations"[0m
  [4;36;1mSQL (0.002106)[0m   [0;1mINSERT INTO "schema_migrations" (version) VALUES ('20081014164151')[0m
  [4;36;1mSQL (0.000522)[0m   [0;1m SELECT name
 FROM sqlite_master
 WHERE type = 'table' AND NOT name = 'sqlite_sequence'
[0m
  [4;35;1mSQL (0.000149)[0m   [0mSELECT version FROM schema_migrations[0m
  [4;36;1mSQL (0.000169)[0m   [0;1mselect sqlite_version(*)[0m
  [4;35;1mSQL (0.000211)[0m   [0m SELECT name
 FROM sqlite_master
 WHERE type = 'table' AND NOT name = 'sqlite_sequence'
[0m
  [4;36;1mSQL (0.003151)[0m   [0;1mCREATE TABLE "citizens" ("id" INTEGER PRIMARY KEY AUTOINCREMENT NOT NULL, "created_at" datetime, "updated_at" datetime) [0m
  [4;35;1mSQL (0.000460)[0m   [0m SELECT name
 FROM sqlite_master
 WHERE type = 'table' AND NOT name = 'sqlite_sequence'
[0m
  [4;36;1mSQL (0.002368)[0m   [0;1mCREATE TABLE "schema_migrations" ("version" varchar(255) NOT NULL) [0m
  [4;35;1mSQL (0.002707)[0m   [0mCREATE UNIQUE INDEX "unique_schema_migrations" ON "schema_migrations" ("version")[0m
  [4;36;1mSQL (0.000375)[0m   [0;1m SELECT name
 FROM sqlite_master
 WHERE type = 'table' AND NOT name = 'sqlite_sequence'
[0m
  [4;35;1mSQL (0.000154)[0m   [0mSELECT version FROM "schema_migrations"[0m
  [4;36;1mSQL (0.002155)[0m   [0;1mINSERT INTO "schema_migrations" (version) VALUES ('20081014164151')[0m
  [4;36;1mSQL (0.000520)[0m   [0;1m SELECT name
 FROM sqlite_master
 WHERE type = 'table' AND NOT name = 'sqlite_sequence'
[0m
  [4;35;1mSQL (0.000148)[0m   [0mSELECT version FROM schema_migrations[0m
  [4;36;1mSQL (0.000141)[0m   [0;1mselect sqlite_version(*)[0m
  [4;35;1mSQL (0.000208)[0m   [0m SELECT name
 FROM sqlite_master
 WHERE type = 'table' AND NOT name = 'sqlite_sequence'
[0m
  [4;36;1mSQL (0.003365)[0m   [0;1mCREATE TABLE "citizens" ("id" INTEGER PRIMARY KEY AUTOINCREMENT NOT NULL, "created_at" datetime, "updated_at" datetime) [0m
  [4;35;1mSQL (0.000400)[0m   [0m SELECT name
 FROM sqlite_master
 WHERE type = 'table' AND NOT name = 'sqlite_sequence'
[0m
  [4;36;1mSQL (0.001874)[0m   [0;1mCREATE TABLE "schema_migrations" ("version" varchar(255) NOT NULL) [0m
  [4;35;1mSQL (0.002270)[0m   [0mCREATE UNIQUE INDEX "unique_schema_migrations" ON "schema_migrations" ("version")[0m
  [4;36;1mSQL (0.000539)[0m   [0;1m SELECT name
 FROM sqlite_master
 WHERE type = 'table' AND NOT name = 'sqlite_sequence'
[0m
  [4;35;1mSQL (0.000163)[0m   [0mSELECT version FROM "schema_migrations"[0m
  [4;36;1mSQL (0.002215)[0m   [0;1mINSERT INTO "schema_migrations" (version) VALUES ('20081014164151')[0m
  [4;36;1mSQL (0.000549)[0m   [0;1m SELECT name
 FROM sqlite_master
 WHERE type = 'table' AND NOT name = 'sqlite_sequence'
[0m
  [4;35;1mSQL (0.000160)[0m   [0mSELECT version FROM schema_migrations[0m
  [4;36;1mSQL (0.000142)[0m   [0;1mselect sqlite_version(*)[0m
  [4;35;1mSQL (0.000239)[0m   [0m SELECT name
 FROM sqlite_master
 WHERE type = 'table' AND NOT name = 'sqlite_sequence'
[0m
  [4;36;1mSQL (0.003256)[0m   [0;1mCREATE TABLE "citizens" ("id" INTEGER PRIMARY KEY AUTOINCREMENT NOT NULL, "created_at" datetime, "updated_at" datetime) [0m
  [4;35;1mSQL (0.000383)[0m   [0m SELECT name
 FROM sqlite_master
 WHERE type = 'table' AND NOT name = 'sqlite_sequence'
[0m
  [4;36;1mSQL (0.001843)[0m   [0;1mCREATE TABLE "schema_migrations" ("version" varchar(255) NOT NULL) [0m
  [4;35;1mSQL (0.002252)[0m   [0mCREATE UNIQUE INDEX "unique_schema_migrations" ON "schema_migrations" ("version")[0m
  [4;36;1mSQL (0.000530)[0m   [0;1m SELECT name
 FROM sqlite_master
 WHERE type = 'table' AND NOT name = 'sqlite_sequence'
[0m
  [4;35;1mSQL (0.000199)[0m   [0mSELECT version FROM "schema_migrations"[0m
  [4;36;1mSQL (0.001951)[0m   [0;1mINSERT INTO "schema_migrations" (version) VALUES ('20081014164151')[0m
  [4;36;1mSQL (0.000515)[0m   [0;1m SELECT name
 FROM sqlite_master
 WHERE type = 'table' AND NOT name = 'sqlite_sequence'
[0m
  [4;35;1mSQL (0.000154)[0m   [0mSELECT version FROM schema_migrations[0m
  [4;36;1mSQL (0.000139)[0m   [0;1mselect sqlite_version(*)[0m
  [4;35;1mSQL (0.000207)[0m   [0m SELECT name
 FROM sqlite_master
 WHERE type = 'table' AND NOT name = 'sqlite_sequence'
[0m
  [4;36;1mSQL (0.003180)[0m   [0;1mCREATE TABLE "citizens" ("id" INTEGER PRIMARY KEY AUTOINCREMENT NOT NULL, "created_at" datetime, "updated_at" datetime) [0m
  [4;35;1mSQL (0.000382)[0m   [0m SELECT name
 FROM sqlite_master
 WHERE type = 'table' AND NOT name = 'sqlite_sequence'
[0m
  [4;36;1mSQL (0.001859)[0m   [0;1mCREATE TABLE "schema_migrations" ("version" varchar(255) NOT NULL) [0m
  [4;35;1mSQL (0.002195)[0m   [0mCREATE UNIQUE INDEX "unique_schema_migrations" ON "schema_migrations" ("version")[0m
  [4;36;1mSQL (0.000381)[0m   [0;1m SELECT name
 FROM sqlite_master
 WHERE type = 'table' AND NOT name = 'sqlite_sequence'
[0m
  [4;35;1mSQL (0.000167)[0m   [0mSELECT version FROM "schema_migrations"[0m
  [4;36;1mSQL (0.002021)[0m   [0;1mINSERT INTO "schema_migrations" (version) VALUES ('20081014164151')[0m
  [4;36;1mSQL (0.000526)[0m   [0;1m SELECT name
 FROM sqlite_master
 WHERE type = 'table' AND NOT name = 'sqlite_sequence'
[0m
  [4;35;1mSQL (0.000148)[0m   [0mSELECT version FROM schema_migrations[0m
  [4;36;1mSQL (0.000142)[0m   [0;1mselect sqlite_version(*)[0m
  [4;35;1mSQL (0.000208)[0m   [0m SELECT name
 FROM sqlite_master
 WHERE type = 'table' AND NOT name = 'sqlite_sequence'
[0m
  [4;36;1mSQL (0.003233)[0m   [0;1mCREATE TABLE "citizens" ("id" INTEGER PRIMARY KEY AUTOINCREMENT NOT NULL, "created_at" datetime, "updated_at" datetime) [0m
  [4;35;1mSQL (0.000384)[0m   [0m SELECT name
 FROM sqlite_master
 WHERE type = 'table' AND NOT name = 'sqlite_sequence'
[0m
  [4;36;1mSQL (0.002058)[0m   [0;1mCREATE TABLE "schema_migrations" ("version" varchar(255) NOT NULL) [0m
  [4;35;1mSQL (0.002193)[0m   [0mCREATE UNIQUE INDEX "unique_schema_migrations" ON "schema_migrations" ("version")[0m
  [4;36;1mSQL (0.000519)[0m   [0;1m SELECT name
 FROM sqlite_master
 WHERE type = 'table' AND NOT name = 'sqlite_sequence'
[0m
  [4;35;1mSQL (0.000214)[0m   [0mSELECT version FROM "schema_migrations"[0m
  [4;36;1mSQL (0.001926)[0m   [0;1mINSERT INTO "schema_migrations" (version) VALUES ('20081014164151')[0m
  [4;36;1mSQL (0.000717)[0m   [0;1m SELECT name
 FROM sqlite_master
 WHERE type = 'table' AND NOT name = 'sqlite_sequence'
[0m
  [4;35;1mSQL (0.000154)[0m   [0mSELECT version FROM schema_migrations[0m
  [4;36;1mSQL (0.000145)[0m   [0;1mselect sqlite_version(*)[0m
  [4;35;1mSQL (0.000210)[0m   [0m SELECT name
 FROM sqlite_master
 WHERE type = 'table' AND NOT name = 'sqlite_sequence'
[0m
  [4;36;1mSQL (0.069924)[0m   [0;1mCREATE TABLE "citizens" ("id" INTEGER PRIMARY KEY AUTOINCREMENT NOT NULL, "created_at" datetime, "updated_at" datetime) [0m
  [4;35;1mSQL (0.000436)[0m   [0m SELECT name
 FROM sqlite_master
 WHERE type = 'table' AND NOT name = 'sqlite_sequence'
[0m
  [4;36;1mSQL (0.002179)[0m   [0;1mCREATE TABLE "schema_migrations" ("version" varchar(255) NOT NULL) [0m
  [4;35;1mSQL (0.002488)[0m   [0mCREATE UNIQUE INDEX "unique_schema_migrations" ON "schema_migrations" ("version")[0m
  [4;36;1mSQL (0.000395)[0m   [0;1m SELECT name
 FROM sqlite_master
 WHERE type = 'table' AND NOT name = 'sqlite_sequence'
[0m
  [4;35;1mSQL (0.000154)[0m   [0mSELECT version FROM "schema_migrations"[0m
  [4;36;1mSQL (0.002616)[0m   [0;1mINSERT INTO "schema_migrations" (version) VALUES ('20081014164151')[0m
  [4;36;1mSQL (0.000516)[0m   [0;1m SELECT name
 FROM sqlite_master
 WHERE type = 'table' AND NOT name = 'sqlite_sequence'
[0m
  [4;35;1mSQL (0.000148)[0m   [0mSELECT version FROM schema_migrations[0m
  [4;36;1mSQL (0.000143)[0m   [0;1mselect sqlite_version(*)[0m
  [4;35;1mSQL (0.000209)[0m   [0m SELECT name
 FROM sqlite_master
 WHERE type = 'table' AND NOT name = 'sqlite_sequence'
[0m
  [4;36;1mSQL (0.003197)[0m   [0;1mCREATE TABLE "citizens" ("id" INTEGER PRIMARY KEY AUTOINCREMENT NOT NULL, "created_at" datetime, "updated_at" datetime) [0m
  [4;35;1mSQL (0.000383)[0m   [0m SELECT name
 FROM sqlite_master
 WHERE type = 'table' AND NOT name = 'sqlite_sequence'
[0m
  [4;36;1mSQL (0.001941)[0m   [0;1mCREATE TABLE "schema_migrations" ("version" varchar(255) NOT NULL) [0m
  [4;35;1mSQL (0.002336)[0m   [0mCREATE UNIQUE INDEX "unique_schema_migrations" ON "schema_migrations" ("version")[0m
  [4;36;1mSQL (0.000395)[0m   [0;1m SELECT name
 FROM sqlite_master
 WHERE type = 'table' AND NOT name = 'sqlite_sequence'
[0m
  [4;35;1mSQL (0.000142)[0m   [0mSELECT version FROM "schema_migrations"[0m
  [4;36;1mSQL (0.002027)[0m   [0;1mINSERT INTO "schema_migrations" (version) VALUES ('20081014164151')[0m
  [4;36;1mSQL (0.000530)[0m   [0;1m SELECT name
 FROM sqlite_master
 WHERE type = 'table' AND NOT name = 'sqlite_sequence'
[0m
  [4;35;1mSQL (0.000150)[0m   [0mSELECT version FROM schema_migrations[0m
  [4;36;1mSQL (0.000160)[0m   [0;1mselect sqlite_version(*)[0m
  [4;35;1mSQL (0.000217)[0m   [0m SELECT name
 FROM sqlite_master
 WHERE type = 'table' AND NOT name = 'sqlite_sequence'
[0m
  [4;36;1mSQL (0.003153)[0m   [0;1mCREATE TABLE "citizens" ("id" INTEGER PRIMARY KEY AUTOINCREMENT NOT NULL, "created_at" datetime, "updated_at" datetime) [0m
  [4;35;1mSQL (0.000391)[0m   [0m SELECT name
 FROM sqlite_master
 WHERE type = 'table' AND NOT name = 'sqlite_sequence'
[0m
  [4;36;1mSQL (0.002024)[0m   [0;1mCREATE TABLE "schema_migrations" ("version" varchar(255) NOT NULL) [0m
  [4;35;1mSQL (0.002421)[0m   [0mCREATE UNIQUE INDEX "unique_schema_migrations" ON "schema_migrations" ("version")[0m
  [4;36;1mSQL (0.000847)[0m   [0;1m SELECT name
 FROM sqlite_master
 WHERE type = 'table' AND NOT name = 'sqlite_sequence'
[0m
  [4;35;1mSQL (0.000914)[0m   [0mSELECT version FROM "schema_migrations"[0m
  [4;36;1mSQL (0.002009)[0m   [0;1mINSERT INTO "schema_migrations" (version) VALUES ('20081014164151')[0m
  [4;36;1mSQL (0.000522)[0m   [0;1m SELECT name
 FROM sqlite_master
 WHERE type = 'table' AND NOT name = 'sqlite_sequence'
[0m
  [4;35;1mSQL (0.000150)[0m   [0mSELECT version FROM schema_migrations[0m
  [4;36;1mSQL (0.000150)[0m   [0;1mselect sqlite_version(*)[0m
  [4;35;1mSQL (0.000223)[0m   [0m SELECT name
 FROM sqlite_master
 WHERE type = 'table' AND NOT name = 'sqlite_sequence'
[0m
  [4;36;1mSQL (0.002787)[0m   [0;1mCREATE TABLE "citizens" ("id" INTEGER PRIMARY KEY AUTOINCREMENT NOT NULL, "created_at" datetime, "updated_at" datetime) [0m
  [4;35;1mSQL (0.000424)[0m   [0m SELECT name
 FROM sqlite_master
 WHERE type = 'table' AND NOT name = 'sqlite_sequence'
[0m
  [4;36;1mSQL (0.002057)[0m   [0;1mCREATE TABLE "schema_migrations" ("version" varchar(255) NOT NULL) [0m
  [4;35;1mSQL (0.002660)[0m   [0mCREATE UNIQUE INDEX "unique_schema_migrations" ON "schema_migrations" ("version")[0m
  [4;36;1mSQL (0.000504)[0m   [0;1m SELECT name
 FROM sqlite_master
 WHERE type = 'table' AND NOT name = 'sqlite_sequence'
[0m
  [4;35;1mSQL (0.000204)[0m   [0mSELECT version FROM "schema_migrations"[0m
  [4;36;1mSQL (0.002457)[0m   [0;1mINSERT INTO "schema_migrations" (version) VALUES ('20081014164151')[0m
  [4;36;1mSQL (0.000530)[0m   [0;1m SELECT name
 FROM sqlite_master
 WHERE type = 'table' AND NOT name = 'sqlite_sequence'
[0m
  [4;35;1mSQL (0.000197)[0m   [0mSELECT version FROM schema_migrations[0m
  [4;36;1mSQL (0.000150)[0m   [0;1mselect sqlite_version(*)[0m
  [4;35;1mSQL (0.000239)[0m   [0m SELECT name
 FROM sqlite_master
 WHERE type = 'table' AND NOT name = 'sqlite_sequence'
[0m
  [4;36;1mSQL (0.003417)[0m   [0;1mCREATE TABLE "citizens" ("id" INTEGER PRIMARY KEY AUTOINCREMENT NOT NULL, "created_at" datetime, "updated_at" datetime) [0m
  [4;35;1mSQL (0.000514)[0m   [0m SELECT name
 FROM sqlite_master
 WHERE type = 'table' AND NOT name = 'sqlite_sequence'
[0m
  [4;36;1mSQL (0.002122)[0m   [0;1mCREATE TABLE "schema_migrations" ("version" varchar(255) NOT NULL) [0m
  [4;35;1mSQL (0.002356)[0m   [0mCREATE UNIQUE INDEX "unique_schema_migrations" ON "schema_migrations" ("version")[0m
  [4;36;1mSQL (0.000427)[0m   [0;1m SELECT name
 FROM sqlite_master
 WHERE type = 'table' AND NOT name = 'sqlite_sequence'
[0m
  [4;35;1mSQL (0.000151)[0m   [0mSELECT version FROM "schema_migrations"[0m
  [4;36;1mSQL (0.002096)[0m   [0;1mINSERT INTO "schema_migrations" (version) VALUES ('20081014164151')[0m
  [4;36;1mSQL (0.000534)[0m   [0;1m SELECT name
 FROM sqlite_master
 WHERE type = 'table' AND NOT name = 'sqlite_sequence'
[0m
  [4;35;1mSQL (0.000149)[0m   [0mSELECT version FROM schema_migrations[0m
  [4;36;1mSQL (0.000143)[0m   [0;1mselect sqlite_version(*)[0m
  [4;35;1mSQL (0.000219)[0m   [0m SELECT name
 FROM sqlite_master
 WHERE type = 'table' AND NOT name = 'sqlite_sequence'
[0m
  [4;36;1mSQL (0.003293)[0m   [0;1mCREATE TABLE "citizens" ("id" INTEGER PRIMARY KEY AUTOINCREMENT NOT NULL, "created_at" datetime, "updated_at" datetime) [0m
  [4;35;1mSQL (0.000398)[0m   [0m SELECT name
 FROM sqlite_master
 WHERE type = 'table' AND NOT name = 'sqlite_sequence'
[0m
  [4;36;1mSQL (0.001798)[0m   [0;1mCREATE TABLE "schema_migrations" ("version" varchar(255) NOT NULL) [0m
  [4;35;1mSQL (0.002038)[0m   [0mCREATE UNIQUE INDEX "unique_schema_migrations" ON "schema_migrations" ("version")[0m
  [4;36;1mSQL (0.000374)[0m   [0;1m SELECT name
 FROM sqlite_master
 WHERE type = 'table' AND NOT name = 'sqlite_sequence'
[0m
  [4;35;1mSQL (0.000171)[0m   [0mSELECT version FROM "schema_migrations"[0m
  [4;36;1mSQL (0.002138)[0m   [0;1mINSERT INTO "schema_migrations" (version) VALUES ('20081014164151')[0m
  [4;36;1mSQL (0.000523)[0m   [0;1m SELECT name
 FROM sqlite_master
 WHERE type = 'table' AND NOT name = 'sqlite_sequence'
[0m
  [4;35;1mSQL (0.000148)[0m   [0mSELECT version FROM schema_migrations[0m
  [4;36;1mSQL (0.000151)[0m   [0;1mselect sqlite_version(*)[0m
  [4;35;1mSQL (0.000224)[0m   [0m SELECT name
 FROM sqlite_master
 WHERE type = 'table' AND NOT name = 'sqlite_sequence'
[0m
  [4;36;1mSQL (0.002739)[0m   [0;1mCREATE TABLE "citizens" ("id" INTEGER PRIMARY KEY AUTOINCREMENT NOT NULL, "created_at" datetime, "updated_at" datetime) [0m
  [4;35;1mSQL (0.000346)[0m   [0m SELECT name
 FROM sqlite_master
 WHERE type = 'table' AND NOT name = 'sqlite_sequence'
[0m
  [4;36;1mSQL (0.002086)[0m   [0;1mCREATE TABLE "schema_migrations" ("version" varchar(255) NOT NULL) [0m
  [4;35;1mSQL (0.002300)[0m   [0mCREATE UNIQUE INDEX "unique_schema_migrations" ON "schema_migrations" ("version")[0m
  [4;36;1mSQL (0.000387)[0m   [0;1m SELECT name
 FROM sqlite_master
 WHERE type = 'table' AND NOT name = 'sqlite_sequence'
[0m
  [4;35;1mSQL (0.000157)[0m   [0mSELECT version FROM "schema_migrations"[0m
  [4;36;1mSQL (0.002179)[0m   [0;1mINSERT INTO "schema_migrations" (version) VALUES ('20081014164151')[0m
  [4;36;1mSQL (0.000521)[0m   [0;1m SELECT name
 FROM sqlite_master
 WHERE type = 'table' AND NOT name = 'sqlite_sequence'
[0m
  [4;35;1mSQL (0.000149)[0m   [0mSELECT version FROM schema_migrations[0m
  [4;36;1mSQL (0.000152)[0m   [0;1mselect sqlite_version(*)[0m
  [4;35;1mSQL (0.000226)[0m   [0m SELECT name
 FROM sqlite_master
 WHERE type = 'table' AND NOT name = 'sqlite_sequence'
[0m
  [4;36;1mSQL (0.003063)[0m   [0;1mCREATE TABLE "citizens" ("id" INTEGER PRIMARY KEY AUTOINCREMENT NOT NULL, "created_at" datetime, "updated_at" datetime) [0m
  [4;35;1mSQL (0.000388)[0m   [0m SELECT name
 FROM sqlite_master
 WHERE type = 'table' AND NOT name = 'sqlite_sequence'
[0m
  [4;36;1mSQL (0.002191)[0m   [0;1mCREATE TABLE "schema_migrations" ("version" varchar(255) NOT NULL) [0m
  [4;35;1mSQL (0.002878)[0m   [0mCREATE UNIQUE INDEX "unique_schema_migrations" ON "schema_migrations" ("version")[0m
  [4;36;1mSQL (0.000634)[0m   [0;1m SELECT name
 FROM sqlite_master
 WHERE type = 'table' AND NOT name = 'sqlite_sequence'
[0m
  [4;35;1mSQL (0.000160)[0m   [0mSELECT version FROM "schema_migrations"[0m
  [4;36;1mSQL (0.002234)[0m   [0;1mINSERT INTO "schema_migrations" (version) VALUES ('20081014164151')[0m
  [4;36;1mSQL (0.000525)[0m   [0;1m SELECT name
 FROM sqlite_master
 WHERE type = 'table' AND NOT name = 'sqlite_sequence'
[0m
  [4;35;1mSQL (0.000149)[0m   [0mSELECT version FROM schema_migrations[0m
  [4;36;1mSQL (0.000225)[0m   [0;1mselect sqlite_version(*)[0m
  [4;35;1mSQL (0.000228)[0m   [0m SELECT name
 FROM sqlite_master
 WHERE type = 'table' AND NOT name = 'sqlite_sequence'
[0m
  [4;36;1mSQL (0.003266)[0m   [0;1mCREATE TABLE "citizens" ("id" INTEGER PRIMARY KEY AUTOINCREMENT NOT NULL, "created_at" datetime, "updated_at" datetime) [0m
  [4;35;1mSQL (0.000393)[0m   [0m SELECT name
 FROM sqlite_master
 WHERE type = 'table' AND NOT name = 'sqlite_sequence'
[0m
  [4;36;1mSQL (0.001857)[0m   [0;1mCREATE TABLE "schema_migrations" ("version" varchar(255) NOT NULL) [0m
  [4;35;1mSQL (0.002180)[0m   [0mCREATE UNIQUE INDEX "unique_schema_migrations" ON "schema_migrations" ("version")[0m
  [4;36;1mSQL (0.000594)[0m   [0;1m SELECT name
 FROM sqlite_master
 WHERE type = 'table' AND NOT name = 'sqlite_sequence'
[0m
  [4;35;1mSQL (0.000203)[0m   [0mSELECT version FROM "schema_migrations"[0m
  [4;36;1mSQL (0.002190)[0m   [0;1mINSERT INTO "schema_migrations" (version) VALUES ('20081014164151')[0m
  [4;36;1mSQL (0.000530)[0m   [0;1m SELECT name
 FROM sqlite_master
 WHERE type = 'table' AND NOT name = 'sqlite_sequence'
[0m
  [4;35;1mSQL (0.000153)[0m   [0mSELECT version FROM schema_migrations[0m
  [4;36;1mSQL (0.000147)[0m   [0;1mselect sqlite_version(*)[0m
  [4;35;1mSQL (0.000217)[0m   [0m SELECT name
 FROM sqlite_master
 WHERE type = 'table' AND NOT name = 'sqlite_sequence'
[0m
  [4;36;1mSQL (0.003221)[0m   [0;1mCREATE TABLE "citizens" ("id" INTEGER PRIMARY KEY AUTOINCREMENT NOT NULL, "created_at" datetime, "updated_at" datetime) [0m
  [4;35;1mSQL (0.000390)[0m   [0m SELECT name
 FROM sqlite_master
 WHERE type = 'table' AND NOT name = 'sqlite_sequence'
[0m
  [4;36;1mSQL (0.001857)[0m   [0;1mCREATE TABLE "schema_migrations" ("version" varchar(255) NOT NULL) [0m
  [4;35;1mSQL (0.002174)[0m   [0mCREATE UNIQUE INDEX "unique_schema_migrations" ON "schema_migrations" ("version")[0m
  [4;36;1mSQL (0.000415)[0m   [0;1m SELECT name
 FROM sqlite_master
 WHERE type = 'table' AND NOT name = 'sqlite_sequence'
[0m
  [4;35;1mSQL (0.000177)[0m   [0mSELECT version FROM "schema_migrations"[0m
  [4;36;1mSQL (0.002052)[0m   [0;1mINSERT INTO "schema_migrations" (version) VALUES ('20081014164151')[0m


Processing UrboController#index (for 127.0.0.1 at 2008-10-17 22:05:05) [GET]
  Session ID: 01492011e84f995f73f2d7ad90b205f3
  Parameters: {"action"=>"index", "controller"=>"urbo"}
Rendering urbo/index
Completed in 0.00362 (276 reqs/sec) | Rendering: 0.00125 (34%) | DB: 0.00000 (0%) | 200 OK [http://localhost/]


Processing UrboController#index (for 127.0.0.1 at 2008-10-17 22:07:29) [GET]
  Session ID: BAh7BiIKZmxhc2hJQzonQWN0aW9uQ29udHJvbGxlcjo6Rmxhc2g6OkZsYXNo
SGFzaHsABjoKQHVzZWR7AA==--2cf03732ad82e35ff53113b93e570ab2aae6851d
  Parameters: {"action"=>"index", "controller"=>"urbo"}
Rendering urbo/index
Completed in 0.00348 (287 reqs/sec) | Rendering: 0.00121 (34%) | DB: 0.00000 (0%) | 200 OK [http://localhost/]
  [4;36;1mSQL (0.001149)[0m   [0;1m SELECT name
 FROM sqlite_master
 WHERE type = 'table' AND NOT name = 'sqlite_sequence'
[0m
  [4;35;1mSQL (0.000373)[0m   [0mSELECT version FROM schema_migrations[0m
  [4;36;1mSQL (0.000144)[0m   [0;1mselect sqlite_version(*)[0m
  [4;35;1mSQL (0.000220)[0m   [0m SELECT name
 FROM sqlite_master
 WHERE type = 'table' AND NOT name = 'sqlite_sequence'
[0m
  [4;36;1mSQL (0.002623)[0m   [0;1mCREATE TABLE "citizens" ("id" INTEGER PRIMARY KEY AUTOINCREMENT NOT NULL, "created_at" datetime, "updated_at" datetime) [0m
  [4;35;1mSQL (0.000349)[0m   [0m SELECT name
 FROM sqlite_master
 WHERE type = 'table' AND NOT name = 'sqlite_sequence'
[0m
  [4;36;1mSQL (0.001868)[0m   [0;1mCREATE TABLE "schema_migrations" ("version" varchar(255) NOT NULL) [0m
  [4;35;1mSQL (0.002526)[0m   [0mCREATE UNIQUE INDEX "unique_schema_migrations" ON "schema_migrations" ("version")[0m
  [4;36;1mSQL (0.000427)[0m   [0;1m SELECT name
 FROM sqlite_master
 WHERE type = 'table' AND NOT name = 'sqlite_sequence'
[0m
  [4;35;1mSQL (0.000168)[0m   [0mSELECT version FROM "schema_migrations"[0m
  [4;36;1mSQL (0.001796)[0m   [0;1mINSERT INTO "schema_migrations" (version) VALUES ('20081014164151')[0m
  [4;36;1mSQL (0.000531)[0m   [0;1m SELECT name
 FROM sqlite_master
 WHERE type = 'table' AND NOT name = 'sqlite_sequence'
[0m
  [4;35;1mSQL (0.000150)[0m   [0mSELECT version FROM schema_migrations[0m
  [4;36;1mSQL (0.000144)[0m   [0;1mselect sqlite_version(*)[0m
  [4;35;1mSQL (0.000221)[0m   [0m SELECT name
 FROM sqlite_master
 WHERE type = 'table' AND NOT name = 'sqlite_sequence'
[0m
  [4;36;1mSQL (0.003241)[0m   [0;1mCREATE TABLE "citizens" ("id" INTEGER PRIMARY KEY AUTOINCREMENT NOT NULL, "created_at" datetime, "updated_at" datetime) [0m
  [4;35;1mSQL (0.000396)[0m   [0m SELECT name
 FROM sqlite_master
 WHERE type = 'table' AND NOT name = 'sqlite_sequence'
[0m
  [4;36;1mSQL (0.002306)[0m   [0;1mCREATE TABLE "schema_migrations" ("version" varchar(255) NOT NULL) [0m
  [4;35;1mSQL (0.002928)[0m   [0mCREATE UNIQUE INDEX "unique_schema_migrations" ON "schema_migrations" ("version")[0m
  [4;36;1mSQL (0.000558)[0m   [0;1m SELECT name
 FROM sqlite_master
 WHERE type = 'table' AND NOT name = 'sqlite_sequence'
[0m
  [4;35;1mSQL (0.000318)[0m   [0mSELECT version FROM "schema_migrations"[0m
  [4;36;1mSQL (0.002549)[0m   [0;1mINSERT INTO "schema_migrations" (version) VALUES ('20081014164151')[0m
  [4;36;1mSQL (0.000609)[0m   [0;1m SELECT name
 FROM sqlite_master
 WHERE type = 'table' AND NOT name = 'sqlite_sequence'
[0m
  [4;35;1mSQL (0.000150)[0m   [0mSELECT version FROM schema_migrations[0m
  [4;36;1mSQL (0.000146)[0m   [0;1mselect sqlite_version(*)[0m
  [4;35;1mSQL (0.000234)[0m   [0m SELECT name
 FROM sqlite_master
 WHERE type = 'table' AND NOT name = 'sqlite_sequence'
[0m
  [4;36;1mSQL (0.003309)[0m   [0;1mCREATE TABLE "citizens" ("id" INTEGER PRIMARY KEY AUTOINCREMENT NOT NULL, "created_at" datetime, "updated_at" datetime) [0m
  [4;35;1mSQL (0.000408)[0m   [0m SELECT name
 FROM sqlite_master
 WHERE type = 'table' AND NOT name = 'sqlite_sequence'
[0m
  [4;36;1mSQL (0.001954)[0m   [0;1mCREATE TABLE "schema_migrations" ("version" varchar(255) NOT NULL) [0m
  [4;35;1mSQL (0.002453)[0m   [0mCREATE UNIQUE INDEX "unique_schema_migrations" ON "schema_migrations" ("version")[0m
  [4;36;1mSQL (0.000473)[0m   [0;1m SELECT name
 FROM sqlite_master
 WHERE type = 'table' AND NOT name = 'sqlite_sequence'
[0m
  [4;35;1mSQL (0.000162)[0m   [0mSELECT version FROM "schema_migrations"[0m
  [4;36;1mSQL (0.002296)[0m   [0;1mINSERT INTO "schema_migrations" (version) VALUES ('20081014164151')[0m
  [4;36;1mSQL (0.000558)[0m   [0;1m SELECT name
 FROM sqlite_master
 WHERE type = 'table' AND NOT name = 'sqlite_sequence'
[0m
  [4;35;1mSQL (0.000157)[0m   [0mSELECT version FROM schema_migrations[0m
  [4;36;1mSQL (0.000145)[0m   [0;1mselect sqlite_version(*)[0m
  [4;35;1mSQL (0.000220)[0m   [0m SELECT name
 FROM sqlite_master
 WHERE type = 'table' AND NOT name = 'sqlite_sequence'
[0m
  [4;36;1mSQL (0.003244)[0m   [0;1mCREATE TABLE "citizens" ("id" INTEGER PRIMARY KEY AUTOINCREMENT NOT NULL, "created_at" datetime, "updated_at" datetime) [0m
  [4;35;1mSQL (0.000365)[0m   [0m SELECT name
 FROM sqlite_master
 WHERE type = 'table' AND NOT name = 'sqlite_sequence'
[0m
  [4;36;1mSQL (0.002126)[0m   [0;1mCREATE TABLE "schema_migrations" ("version" varchar(255) NOT NULL) [0m
  [4;35;1mSQL (0.002500)[0m   [0mCREATE UNIQUE INDEX "unique_schema_migrations" ON "schema_migrations" ("version")[0m
  [4;36;1mSQL (0.000305)[0m   [0;1m SELECT name
 FROM sqlite_master
 WHERE type = 'table' AND NOT name = 'sqlite_sequence'
[0m
  [4;35;1mSQL (0.000142)[0m   [0mSELECT version FROM "schema_migrations"[0m
  [4;36;1mSQL (0.002266)[0m   [0;1mINSERT INTO "schema_migrations" (version) VALUES ('20081014164151')[0m
  [4;36;1mSQL (0.000591)[0m   [0;1m SELECT name
 FROM sqlite_master
 WHERE type = 'table' AND NOT name = 'sqlite_sequence'
[0m
  [4;35;1mSQL (0.000168)[0m   [0mSELECT version FROM schema_migrations[0m
  [4;36;1mSQL (0.000142)[0m   [0;1mselect sqlite_version(*)[0m
  [4;35;1mSQL (0.000219)[0m   [0m SELECT name
 FROM sqlite_master
 WHERE type = 'table' AND NOT name = 'sqlite_sequence'
[0m
  [4;36;1mSQL (0.003244)[0m   [0;1mCREATE TABLE "citizens" ("id" INTEGER PRIMARY KEY AUTOINCREMENT NOT NULL, "created_at" datetime, "updated_at" datetime) [0m
  [4;35;1mSQL (0.000392)[0m   [0m SELECT name
 FROM sqlite_master
 WHERE type = 'table' AND NOT name = 'sqlite_sequence'
[0m
  [4;36;1mSQL (0.001944)[0m   [0;1mCREATE TABLE "schema_migrations" ("version" varchar(255) NOT NULL) [0m
  [4;35;1mSQL (0.002340)[0m   [0mCREATE UNIQUE INDEX "unique_schema_migrations" ON "schema_migrations" ("version")[0m
  [4;36;1mSQL (0.000509)[0m   [0;1m SELECT name
 FROM sqlite_master
 WHERE type = 'table' AND NOT name = 'sqlite_sequence'
[0m
  [4;35;1mSQL (0.000238)[0m   [0mSELECT version FROM "schema_migrations"[0m
  [4;36;1mSQL (0.002108)[0m   [0;1mINSERT INTO "schema_migrations" (version) VALUES ('20081014164151')[0m
  [4;36;1mSQL (0.000539)[0m   [0;1m SELECT name
 FROM sqlite_master
 WHERE type = 'table' AND NOT name = 'sqlite_sequence'
[0m
  [4;35;1mSQL (0.000149)[0m   [0mSELECT version FROM schema_migrations[0m
  [4;36;1mSQL (0.000142)[0m   [0;1mselect sqlite_version(*)[0m
  [4;35;1mSQL (0.000217)[0m   [0m SELECT name
 FROM sqlite_master
 WHERE type = 'table' AND NOT name = 'sqlite_sequence'
[0m
  [4;36;1mSQL (0.003230)[0m   [0;1mCREATE TABLE "citizens" ("id" INTEGER PRIMARY KEY AUTOINCREMENT NOT NULL, "created_at" datetime, "updated_at" datetime) [0m
  [4;35;1mSQL (0.000402)[0m   [0m SELECT name
 FROM sqlite_master
 WHERE type = 'table' AND NOT name = 'sqlite_sequence'
[0m
  [4;36;1mSQL (0.002046)[0m   [0;1mCREATE TABLE "schema_migrations" ("version" varchar(255) NOT NULL) [0m
  [4;35;1mSQL (0.002368)[0m   [0mCREATE UNIQUE INDEX "unique_schema_migrations" ON "schema_migrations" ("version")[0m
  [4;36;1mSQL (0.000665)[0m   [0;1m SELECT name
 FROM sqlite_master
 WHERE type = 'table' AND NOT name = 'sqlite_sequence'
[0m
  [4;35;1mSQL (0.000183)[0m   [0mSELECT version FROM "schema_migrations"[0m
  [4;36;1mSQL (0.002238)[0m   [0;1mINSERT INTO "schema_migrations" (version) VALUES ('20081014164151')[0m
  [4;36;1mSQL (0.000535)[0m   [0;1m SELECT name
 FROM sqlite_master
 WHERE type = 'table' AND NOT name = 'sqlite_sequence'
[0m
  [4;35;1mSQL (0.000148)[0m   [0mSELECT version FROM schema_migrations[0m
  [4;36;1mSQL (0.000147)[0m   [0;1mselect sqlite_version(*)[0m
  [4;35;1mSQL (0.000268)[0m   [0m SELECT name
 FROM sqlite_master
 WHERE type = 'table' AND NOT name = 'sqlite_sequence'
[0m
  [4;36;1mSQL (0.002705)[0m   [0;1mCREATE TABLE "citizens" ("id" INTEGER PRIMARY KEY AUTOINCREMENT NOT NULL, "created_at" datetime, "updated_at" datetime) [0m
  [4;35;1mSQL (0.000396)[0m   [0m SELECT name
 FROM sqlite_master
 WHERE type = 'table' AND NOT name = 'sqlite_sequence'
[0m
  [4;36;1mSQL (0.002408)[0m   [0;1mCREATE TABLE "schema_migrations" ("version" varchar(255) NOT NULL) [0m
  [4;35;1mSQL (0.002798)[0m   [0mCREATE UNIQUE INDEX "unique_schema_migrations" ON "schema_migrations" ("version")[0m
  [4;36;1mSQL (0.000548)[0m   [0;1m SELECT name
 FROM sqlite_master
 WHERE type = 'table' AND NOT name = 'sqlite_sequence'
[0m
  [4;35;1mSQL (0.000160)[0m   [0mSELECT version FROM "schema_migrations"[0m
  [4;36;1mSQL (0.002229)[0m   [0;1mINSERT INTO "schema_migrations" (version) VALUES ('20081014164151')[0m
  [4;36;1mSQL (0.000540)[0m   [0;1m SELECT name
 FROM sqlite_master
 WHERE type = 'table' AND NOT name = 'sqlite_sequence'
[0m
  [4;35;1mSQL (0.000152)[0m   [0mSELECT version FROM schema_migrations[0m
  [4;36;1mSQL (0.000147)[0m   [0;1mselect sqlite_version(*)[0m
  [4;35;1mSQL (0.000222)[0m   [0m SELECT name
 FROM sqlite_master
 WHERE type = 'table' AND NOT name = 'sqlite_sequence'
[0m
  [4;36;1mSQL (0.003350)[0m   [0;1mCREATE TABLE "citizens" ("id" INTEGER PRIMARY KEY AUTOINCREMENT NOT NULL, "created_at" datetime, "updated_at" datetime) [0m
  [4;35;1mSQL (0.000396)[0m   [0m SELECT name
 FROM sqlite_master
 WHERE type = 'table' AND NOT name = 'sqlite_sequence'
[0m
  [4;36;1mSQL (0.001900)[0m   [0;1mCREATE TABLE "schema_migrations" ("version" varchar(255) NOT NULL) [0m
  [4;35;1mSQL (0.002139)[0m   [0mCREATE UNIQUE INDEX "unique_schema_migrations" ON "schema_migrations" ("version")[0m
  [4;36;1mSQL (0.000301)[0m   [0;1m SELECT name
 FROM sqlite_master
 WHERE type = 'table' AND NOT name = 'sqlite_sequence'
[0m
  [4;35;1mSQL (0.000178)[0m   [0mSELECT version FROM "schema_migrations"[0m
  [4;36;1mSQL (0.002441)[0m   [0;1mINSERT INTO "schema_migrations" (version) VALUES ('20081014164151')[0m
  [4;36;1mSQL (0.000529)[0m   [0;1m SELECT name
 FROM sqlite_master
 WHERE type = 'table' AND NOT name = 'sqlite_sequence'
[0m
  [4;35;1mSQL (0.000149)[0m   [0mSELECT version FROM schema_migrations[0m
  [4;36;1mSQL (0.000138)[0m   [0;1mselect sqlite_version(*)[0m
  [4;35;1mSQL (0.000215)[0m   [0m SELECT name
 FROM sqlite_master
 WHERE type = 'table' AND NOT name = 'sqlite_sequence'
[0m
  [4;36;1mSQL (0.003186)[0m   [0;1mCREATE TABLE "citizens" ("id" INTEGER PRIMARY KEY AUTOINCREMENT NOT NULL, "created_at" datetime, "updated_at" datetime) [0m
  [4;35;1mSQL (0.000416)[0m   [0m SELECT name
 FROM sqlite_master
 WHERE type = 'table' AND NOT name = 'sqlite_sequence'
[0m
  [4;36;1mSQL (0.002141)[0m   [0;1mCREATE TABLE "schema_migrations" ("version" varchar(255) NOT NULL) [0m
  [4;35;1mSQL (0.002493)[0m   [0mCREATE UNIQUE INDEX "unique_schema_migrations" ON "schema_migrations" ("version")[0m
  [4;36;1mSQL (0.000413)[0m   [0;1m SELECT name
 FROM sqlite_master
 WHERE type = 'table' AND NOT name = 'sqlite_sequence'
[0m
  [4;35;1mSQL (0.000162)[0m   [0mSELECT version FROM "schema_migrations"[0m
  [4;36;1mSQL (0.002386)[0m   [0;1mINSERT INTO "schema_migrations" (version) VALUES ('20081014164151')[0m
  [4;36;1mSQL (0.000532)[0m   [0;1m SELECT name
 FROM sqlite_master
 WHERE type = 'table' AND NOT name = 'sqlite_sequence'
[0m
  [4;35;1mSQL (0.000151)[0m   [0mSELECT version FROM schema_migrations[0m
  [4;36;1mSQL (0.000142)[0m   [0;1mselect sqlite_version(*)[0m
  [4;35;1mSQL (0.000219)[0m   [0m SELECT name
 FROM sqlite_master
 WHERE type = 'table' AND NOT name = 'sqlite_sequence'
[0m
  [4;36;1mSQL (0.002934)[0m   [0;1mCREATE TABLE "citizens" ("id" INTEGER PRIMARY KEY AUTOINCREMENT NOT NULL, "created_at" datetime, "updated_at" datetime) [0m
  [4;35;1mSQL (0.000398)[0m   [0m SELECT name
 FROM sqlite_master
 WHERE type = 'table' AND NOT name = 'sqlite_sequence'
[0m
  [4;36;1mSQL (0.001998)[0m   [0;1mCREATE TABLE "schema_migrations" ("version" varchar(255) NOT NULL) [0m
  [4;35;1mSQL (0.002266)[0m   [0mCREATE UNIQUE INDEX "unique_schema_migrations" ON "schema_migrations" ("version")[0m
  [4;36;1mSQL (0.000377)[0m   [0;1m SELECT name
 FROM sqlite_master
 WHERE type = 'table' AND NOT name = 'sqlite_sequence'
[0m
  [4;35;1mSQL (0.000174)[0m   [0mSELECT version FROM "schema_migrations"[0m
  [4;36;1mSQL (0.002207)[0m   [0;1mINSERT INTO "schema_migrations" (version) VALUES ('20081014164151')[0m
  [4;36;1mSQL (0.000535)[0m   [0;1m SELECT name
 FROM sqlite_master
 WHERE type = 'table' AND NOT name = 'sqlite_sequence'
[0m
  [4;35;1mSQL (0.000150)[0m   [0mSELECT version FROM schema_migrations[0m
  [4;36;1mSQL (0.000146)[0m   [0;1mselect sqlite_version(*)[0m
  [4;35;1mSQL (0.000223)[0m   [0m SELECT name
 FROM sqlite_master
 WHERE type = 'table' AND NOT name = 'sqlite_sequence'
[0m
  [4;36;1mSQL (0.003324)[0m   [0;1mCREATE TABLE "citizens" ("id" INTEGER PRIMARY KEY AUTOINCREMENT NOT NULL, "created_at" datetime, "updated_at" datetime) [0m
  [4;35;1mSQL (0.000402)[0m   [0m SELECT name
 FROM sqlite_master
 WHERE type = 'table' AND NOT name = 'sqlite_sequence'
[0m
  [4;36;1mSQL (0.002134)[0m   [0;1mCREATE TABLE "schema_migrations" ("version" varchar(255) NOT NULL) [0m
  [4;35;1mSQL (0.002561)[0m   [0mCREATE UNIQUE INDEX "unique_schema_migrations" ON "schema_migrations" ("version")[0m
  [4;36;1mSQL (0.000408)[0m   [0;1m SELECT name
 FROM sqlite_master
 WHERE type = 'table' AND NOT name = 'sqlite_sequence'
[0m
  [4;35;1mSQL (0.000159)[0m   [0mSELECT version FROM "schema_migrations"[0m
  [4;36;1mSQL (0.002455)[0m   [0;1mINSERT INTO "schema_migrations" (version) VALUES ('20081014164151')[0m
  [4;36;1mSQL (0.000532)[0m   [0;1m SELECT name
 FROM sqlite_master
 WHERE type = 'table' AND NOT name = 'sqlite_sequence'
[0m
  [4;35;1mSQL (0.000149)[0m   [0mSELECT version FROM schema_migrations[0m
  [4;36;1mSQL (0.000144)[0m   [0;1mselect sqlite_version(*)[0m
  [4;35;1mSQL (0.000219)[0m   [0m SELECT name
 FROM sqlite_master
 WHERE type = 'table' AND NOT name = 'sqlite_sequence'
[0m
  [4;36;1mSQL (0.003098)[0m   [0;1mCREATE TABLE "citizens" ("id" INTEGER PRIMARY KEY AUTOINCREMENT NOT NULL, "created_at" datetime, "updated_at" datetime) [0m
  [4;35;1mSQL (0.000404)[0m   [0m SELECT name
 FROM sqlite_master
 WHERE type = 'table' AND NOT name = 'sqlite_sequence'
[0m
  [4;36;1mSQL (0.001900)[0m   [0;1mCREATE TABLE "schema_migrations" ("version" varchar(255) NOT NULL) [0m
  [4;35;1mSQL (0.002100)[0m   [0mCREATE UNIQUE INDEX "unique_schema_migrations" ON "schema_migrations" ("version")[0m
  [4;36;1mSQL (0.000391)[0m   [0;1m SELECT name
 FROM sqlite_master
 WHERE type = 'table' AND NOT name = 'sqlite_sequence'
[0m
  [4;35;1mSQL (0.000171)[0m   [0mSELECT version FROM "schema_migrations"[0m
  [4;36;1mSQL (0.002134)[0m   [0;1mINSERT INTO "schema_migrations" (version) VALUES ('20081014164151')[0m
  [4;36;1mSQL (0.000529)[0m   [0;1m SELECT name
 FROM sqlite_master
 WHERE type = 'table' AND NOT name = 'sqlite_sequence'
[0m
  [4;35;1mSQL (0.000149)[0m   [0mSELECT version FROM schema_migrations[0m
  [4;36;1mSQL (0.000143)[0m   [0;1mselect sqlite_version(*)[0m
  [4;35;1mSQL (0.000218)[0m   [0m SELECT name
 FROM sqlite_master
 WHERE type = 'table' AND NOT name = 'sqlite_sequence'
[0m
  [4;36;1mSQL (0.003262)[0m   [0;1mCREATE TABLE "citizens" ("id" INTEGER PRIMARY KEY AUTOINCREMENT NOT NULL, "created_at" datetime, "updated_at" datetime) [0m
  [4;35;1mSQL (0.000401)[0m   [0m SELECT name
 FROM sqlite_master
 WHERE type = 'table' AND NOT name = 'sqlite_sequence'
[0m
  [4;36;1mSQL (0.002413)[0m   [0;1mCREATE TABLE "schema_migrations" ("version" varchar(255) NOT NULL) [0m
  [4;35;1mSQL (0.002642)[0m   [0mCREATE UNIQUE INDEX "unique_schema_migrations" ON "schema_migrations" ("version")[0m
  [4;36;1mSQL (0.000351)[0m   [0;1m SELECT name
 FROM sqlite_master
 WHERE type = 'table' AND NOT name = 'sqlite_sequence'
[0m
  [4;35;1mSQL (0.000140)[0m   [0mSELECT version FROM "schema_migrations"[0m
  [4;36;1mSQL (0.002167)[0m   [0;1mINSERT INTO "schema_migrations" (version) VALUES ('20081014164151')[0m
  [4;36;1mSQL (0.000541)[0m   [0;1m SELECT name
 FROM sqlite_master
 WHERE type = 'table' AND NOT name = 'sqlite_sequence'
[0m
  [4;35;1mSQL (0.000149)[0m   [0mSELECT version FROM schema_migrations[0m
  [4;36;1mSQL (0.000142)[0m   [0;1mselect sqlite_version(*)[0m
  [4;35;1mSQL (0.000220)[0m   [0m SELECT name
 FROM sqlite_master
 WHERE type = 'table' AND NOT name = 'sqlite_sequence'
[0m
  [4;36;1mSQL (0.003061)[0m   [0;1mCREATE TABLE "citizens" ("id" INTEGER PRIMARY KEY AUTOINCREMENT NOT NULL, "created_at" datetime, "updated_at" datetime) [0m
  [4;35;1mSQL (0.000399)[0m   [0m SELECT name
 FROM sqlite_master
 WHERE type = 'table' AND NOT name = 'sqlite_sequence'
[0m
  [4;36;1mSQL (0.002191)[0m   [0;1mCREATE TABLE "schema_migrations" ("version" varchar(255) NOT NULL) [0m
  [4;35;1mSQL (0.003006)[0m   [0mCREATE UNIQUE INDEX "unique_schema_migrations" ON "schema_migrations" ("version")[0m
  [4;36;1mSQL (0.000444)[0m   [0;1m SELECT name
 FROM sqlite_master
 WHERE type = 'table' AND NOT name = 'sqlite_sequence'
[0m
  [4;35;1mSQL (0.000160)[0m   [0mSELECT version FROM "schema_migrations"[0m
  [4;36;1mSQL (0.002358)[0m   [0;1mINSERT INTO "schema_migrations" (version) VALUES ('20081014164151')[0m
  [4;36;1mSQL (0.000526)[0m   [0;1m SELECT name
 FROM sqlite_master
 WHERE type = 'table' AND NOT name = 'sqlite_sequence'
[0m
  [4;35;1mSQL (0.000149)[0m   [0mSELECT version FROM schema_migrations[0m
  [4;36;1mSQL (0.000188)[0m   [0;1mselect sqlite_version(*)[0m
  [4;35;1mSQL (0.000295)[0m   [0m SELECT name
 FROM sqlite_master
 WHERE type = 'table' AND NOT name = 'sqlite_sequence'
[0m
  [4;36;1mSQL (0.003216)[0m   [0;1mCREATE TABLE "citizens" ("id" INTEGER PRIMARY KEY AUTOINCREMENT NOT NULL, "created_at" datetime, "updated_at" datetime) [0m
  [4;35;1mSQL (0.000397)[0m   [0m SELECT name
 FROM sqlite_master
 WHERE type = 'table' AND NOT name = 'sqlite_sequence'
[0m
  [4;36;1mSQL (0.002311)[0m   [0;1mCREATE TABLE "schema_migrations" ("version" varchar(255) NOT NULL) [0m
  [4;35;1mSQL (0.002769)[0m   [0mCREATE UNIQUE INDEX "unique_schema_migrations" ON "schema_migrations" ("version")[0m
  [4;36;1mSQL (0.000321)[0m   [0;1m SELECT name
 FROM sqlite_master
 WHERE type = 'table' AND NOT name = 'sqlite_sequence'
[0m
  [4;35;1mSQL (0.000139)[0m   [0mSELECT version FROM "schema_migrations"[0m
  [4;36;1mSQL (0.002493)[0m   [0;1mINSERT INTO "schema_migrations" (version) VALUES ('20081014164151')[0m
